<?xml version="1.0" encoding="UTF-8"?>
<!-- Generated by org.testng.reporters.JUnitReportReporter -->
<testsuite hostname="DESKTOP-3O1I2A2" failures="0" tests="2" name="com.tutorialsninja.qa.testcases.Login" time="138.934" errors="0" timestamp="2023-08-31T17:15:32 IST" skipped="0">
  <testcase classname="com.tutorialsninja.qa.testcases.Login" name="verifyLoginWithInvalidCredentials" time="54.697"/>
  <testcase classname="com.tutorialsninja.qa.testcases.Login" name="verifyLoginWithValidCredentials" time="84.237"/>
</testsuite> <!-- com.tutorialsninja.qa.testcases.Login -->
